<?xml version="1.0" encoding="UTF-8"?>
<!-- Generated by org.testng.reporters.JUnitReportReporter -->
<testsuite hostname="DESKTOP-6NCUSIE" failures="0" tests="1" name="com.sauce.testcases.SauceProductTest" time="9.750" errors="0" timestamp="2023-02-26T15:54:45 IST" skipped="0">
  <testcase classname="com.sauce.testcases.SauceProductTest" name="login" time="9.750"/>
  <system-out/>
</testsuite> <!-- com.sauce.testcases.SauceProductTest -->
