<?xml version="1.0" encoding="UTF-8"?>
<!-- Generated by org.testng.reporters.JUnitReportReporter -->
<testsuite hostname="DESKTOP-6NCUSIE" failures="0" tests="1" name="com.sauce.testcases.SauceInformationTest" time="5.551" errors="0" timestamp="2023-02-28T19:20:07 IST" skipped="0">
  <testcase classname="com.sauce.testcases.SauceInformationTest" name="login" time="5.551"/>
  <system-out/>
</testsuite> <!-- com.sauce.testcases.SauceInformationTest -->
