<?xml version="1.0" encoding="UTF-8"?>
<!-- Generated by org.testng.reporters.JUnitReportReporter -->
<testsuite hostname="DESKTOP-6NCUSIE" failures="0" tests="1" name="com.sauce.testcases.SauceSucessTest" time="9.804" errors="0" timestamp="2023-03-03T11:43:58 IST" skipped="0">
  <testcase classname="com.sauce.testcases.SauceSucessTest" name="login" time="9.804"/>
  <system-out/>
</testsuite> <!-- com.sauce.testcases.SauceSucessTest -->
