<?xml version="1.0" encoding="UTF-8"?>
<!-- Generated by org.testng.reporters.JUnitReportReporter -->
<testsuite hostname="DESKTOP-6NCUSIE" failures="0" tests="1" name="com.sauce.testcases.SauceOverviewTest" time="6.084" errors="0" timestamp="2023-02-28T19:20:34 IST" skipped="0">
  <testcase classname="com.sauce.testcases.SauceOverviewTest" name="login" time="6.084"/>
  <system-out/>
</testsuite> <!-- com.sauce.testcases.SauceOverviewTest -->
