<?xml version="1.0" encoding="UTF-8"?>
<!-- Generated by org.testng.reporters.JUnitReportReporter -->
<testsuite hostname="DESKTOP-6NCUSIE" failures="0" tests="1" name="com.sauce.testcases.SauceLogin" time="4.805" errors="0" timestamp="2023-02-28T19:32:21 IST" skipped="0">
  <testcase classname="com.sauce.testcases.SauceLogin" name="login" time="4.805"/>
  <system-out/>
</testsuite> <!-- com.sauce.testcases.SauceLogin -->
