<?xml version="1.0" encoding="UTF-8"?>
<!-- Generated by org.testng.reporters.JUnitReportReporter -->
<testsuite hostname="DESKTOP-6NCUSIE" failures="0" tests="1" name="com.sauce.testcases.SauceCartTest" time="8.508" errors="0" timestamp="2023-02-28T19:19:02 IST" skipped="0">
  <testcase classname="com.sauce.testcases.SauceCartTest" name="login" time="8.508"/>
  <system-out/>
</testsuite> <!-- com.sauce.testcases.SauceCartTest -->
