<?xml version="1.0" encoding="UTF-8"?>
<!-- Generated by org.testng.reporters.JUnitReportReporter -->
<testsuite hostname="DESKTOP-6NCUSIE" failures="0" tests="1" name="com.sauce.testcases.SauceSucessTest" time="11.635" errors="0" timestamp="2023-03-03T21:52:42 IST" skipped="0">
  <testcase classname="com.sauce.testcases.SauceSucessTest" name="login" time="11.635"/>
  <system-out/>
</testsuite> <!-- com.sauce.testcases.SauceSucessTest -->
